<?xml version="1.0" encoding="UTF-8"?>
<testsuite xmlns:xsi="http://www.w3.org/2001/XMLSchema-instance" xsi:noNamespaceSchemaLocation="https://maven.apache.org/surefire/maven-surefire-plugin/xsd/surefire-test-report.xsd" version="3.0.2" name="com.mb.postService.service.impl.PostServiceImplTest" time="0.124" tests="25" errors="0" skipped="0" failures="0">
  <properties>
[...]
</properties>
  <testcase name="updatePost_WhenPostNotFound_ShouldThrowException" classname="com.mb.postService.service.impl.PostServiceImplTest" time="0.09">
    <system-out><![CDATA[15:52:31.470 [main] INFO com.mb.postService.service.impl.PostServiceImpl -- Updating post with id: 99
15:52:31.470 [main] WARN com.mb.postService.service.impl.PostServiceImpl -- Cannot update, post not found with id: 99
]]></system-out>
  </testcase>
  <testcase name="publishPost_ShouldThrowException_WhenPostNotFound" classname="com.mb.postService.service.impl.PostServiceImplTest" time="0.002">
    <system-out><![CDATA[15:52:31.474 [main] INFO com.mb.postService.service.impl.PostServiceImpl -- Publishing post with id: 99
15:52:31.474 [main] WARN com.mb.postService.service.impl.PostServiceImpl -- Cannot publish, post not found with id: 99
]]></system-out>
  </testcase>
  <testcase name="getPublishedPosts_WhenNoPosts_ShouldReturnEmptyList" classname="com.mb.postService.service.impl.PostServiceImplTest" time="0.001">
    <system-out><![CDATA[15:52:31.476 [main] INFO com.mb.postService.service.impl.PostServiceImpl -- Fetching published posts
]]></system-out>
  </testcase>
  <testcase name="getAllPosts_WhenPostsExist_ShouldReturnPostDtos" classname="com.mb.postService.service.impl.PostServiceImplTest" time="0.001">
    <system-out><![CDATA[15:52:31.478 [main] INFO com.mb.postService.service.impl.PostServiceImpl -- Fetching all posts
]]></system-out>
  </testcase>
  <testcase name="getAllTags_WhenNoTagsExist_ShouldReturnEmptyList" classname="com.mb.postService.service.impl.PostServiceImplTest" time="0.001">
    <system-out><![CDATA[15:52:31.479 [main] INFO com.mb.postService.service.impl.PostServiceImpl -- Fetching all tags
]]></system-out>
  </testcase>
  <testcase name="searchPosts_WhenNoMatches_ShouldReturnEmptyList" classname="com.mb.postService.service.impl.PostServiceImplTest" time="0.001">
    <system-out><![CDATA[15:52:31.480 [main] INFO com.mb.postService.service.impl.PostServiceImpl -- Searching posts with keyword: Python
]]></system-out>
  </testcase>
  <testcase name="publishPost_ShouldSetPublishedTrue_WhenPostExists" classname="com.mb.postService.service.impl.PostServiceImplTest" time="0.002">
    <system-out><![CDATA[15:52:31.482 [main] INFO com.mb.postService.service.impl.PostServiceImpl -- Publishing post with id: 1
]]></system-out>
  </testcase>
  <testcase name="getPostById_WhenPostDoesNotExist_ShouldThrowException" classname="com.mb.postService.service.impl.PostServiceImplTest" time="0.001">
    <system-out><![CDATA[15:52:31.484 [main] INFO com.mb.postService.service.impl.PostServiceImpl -- Fetching post with id: 99
15:52:31.484 [main] WARN com.mb.postService.service.impl.PostServiceImpl -- Post not found with id: 99
]]></system-out>
  </testcase>
  <testcase name="deletePostsByAuthor_ShouldDeleteAllPostsOfAuthor" classname="com.mb.postService.service.impl.PostServiceImplTest" time="0.001">
    <system-out><![CDATA[15:52:31.486 [main] WARN com.mb.postService.service.impl.PostServiceImpl -- Deleting all posts by author: JohnDoe
]]></system-out>
  </testcase>
  <testcase name="getAllPosts_WhenNoPosts_ShouldReturnEmptyList" classname="com.mb.postService.service.impl.PostServiceImplTest" time="0.001">
    <system-out><![CDATA[15:52:31.487 [main] INFO com.mb.postService.service.impl.PostServiceImpl -- Fetching all posts
]]></system-out>
  </testcase>
  <testcase name="getPostsByAuthor_WhenPostsExist_ShouldReturnDtos" classname="com.mb.postService.service.impl.PostServiceImplTest" time="0.001">
    <system-out><![CDATA[15:52:31.488 [main] INFO com.mb.postService.service.impl.PostServiceImpl -- Fetching posts by author: Alice
]]></system-out>
  </testcase>
  <testcase name="deletePost_ShouldDelete_WhenPostExists" classname="com.mb.postService.service.impl.PostServiceImplTest" time="0.002">
    <system-out><![CDATA[15:52:31.489 [main] INFO com.mb.postService.service.impl.PostServiceImpl -- Deleting post with id: 1
]]></system-out>
  </testcase>
  <testcase name="getPostsByTag_WhenNoPosts_ShouldReturnEmptyList" classname="com.mb.postService.service.impl.PostServiceImplTest" time="0.001">
    <system-out><![CDATA[15:52:31.490 [main] INFO com.mb.postService.service.impl.PostServiceImpl -- Fetching posts with tag: Python
]]></system-out>
  </testcase>
  <testcase name="createPost_ShouldSavePostAndReturnDto" classname="com.mb.postService.service.impl.PostServiceImplTest" time="0.001">
    <system-out><![CDATA[15:52:31.492 [main] INFO com.mb.postService.service.impl.PostServiceImpl -- Creating post with title: Test Title
]]></system-out>
  </testcase>
  <testcase name="getPostsByAuthor_WhenNoPosts_ShouldReturnEmptyList" classname="com.mb.postService.service.impl.PostServiceImplTest" time="0.001">
    <system-out><![CDATA[15:52:31.493 [main] INFO com.mb.postService.service.impl.PostServiceImpl -- Fetching posts by author: Bob
]]></system-out>
  </testcase>
  <testcase name="getPostById_WhenPostExists_ShouldReturnDto" classname="com.mb.postService.service.impl.PostServiceImplTest" time="0.001">
    <system-out><![CDATA[15:52:31.494 [main] INFO com.mb.postService.service.impl.PostServiceImpl -- Fetching post with id: 1
]]></system-out>
  </testcase>
  <testcase name="unpublishPost_ShouldSetPublishedFalse_WhenPostExists" classname="com.mb.postService.service.impl.PostServiceImplTest" time="0.001">
    <system-out><![CDATA[15:52:31.495 [main] INFO com.mb.postService.service.impl.PostServiceImpl -- Unpublishing post with id: 2
]]></system-out>
  </testcase>
  <testcase name="getAllTags_WhenTagsExist_ShouldReturnTagList" classname="com.mb.postService.service.impl.PostServiceImplTest" time="0.001">
    <system-out><![CDATA[15:52:31.497 [main] INFO com.mb.postService.service.impl.PostServiceImpl -- Fetching all tags
]]></system-out>
  </testcase>
  <testcase name="updatePost_WhenPostExists_ShouldUpdateAndReturnDto" classname="com.mb.postService.service.impl.PostServiceImplTest" time="0.002">
    <system-out><![CDATA[15:52:31.498 [main] INFO com.mb.postService.service.impl.PostServiceImpl -- Updating post with id: 1
]]></system-out>
  </testcase>
  <testcase name="deletePost_ShouldThrowException_WhenPostDoesNotExist" classname="com.mb.postService.service.impl.PostServiceImplTest" time="0.001">
    <system-out><![CDATA[15:52:31.500 [main] INFO com.mb.postService.service.impl.PostServiceImpl -- Deleting post with id: 1
15:52:31.500 [main] WARN com.mb.postService.service.impl.PostServiceImpl -- Cannot delete, post not found with id: 1
]]></system-out>
  </testcase>
  <testcase name="unpublishPost_ShouldThrowException_WhenPostNotFound" classname="com.mb.postService.service.impl.PostServiceImplTest" time="0.001">
    <system-out><![CDATA[15:52:31.501 [main] INFO com.mb.postService.service.impl.PostServiceImpl -- Unpublishing post with id: 100
15:52:31.501 [main] WARN com.mb.postService.service.impl.PostServiceImpl -- Cannot unpublish, post not found with id: 100
]]></system-out>
  </testcase>
  <testcase name="updatePost_WhenTagsAreNull_ShouldNotFail" classname="com.mb.postService.service.impl.PostServiceImplTest" time="0.001">
    <system-out><![CDATA[15:52:31.502 [main] INFO com.mb.postService.service.impl.PostServiceImpl -- Updating post with id: 1
]]></system-out>
  </testcase>
  <testcase name="getPublishedPosts_WhenPostsExist_ShouldReturnDtos" classname="com.mb.postService.service.impl.PostServiceImplTest" time="0.001">
    <system-out><![CDATA[15:52:31.504 [main] INFO com.mb.postService.service.impl.PostServiceImpl -- Fetching published posts
]]></system-out>
  </testcase>
  <testcase name="getPostsByTag_WhenPostsExist_ShouldReturnDtos" classname="com.mb.postService.service.impl.PostServiceImplTest" time="0.001">
    <system-out><![CDATA[15:52:31.505 [main] INFO com.mb.postService.service.impl.PostServiceImpl -- Fetching posts with tag: Java
]]></system-out>
  </testcase>
  <testcase name="searchPosts_WhenMatchesExist_ShouldReturnDtos" classname="com.mb.postService.service.impl.PostServiceImplTest" time="0.001">
    <system-out><![CDATA[15:52:31.506 [main] INFO com.mb.postService.service.impl.PostServiceImpl -- Searching posts with keyword: Java
]]></system-out>
  </testcase>
</testsuite>